Arguments: 
  C:\Program Files\nodejs\node.exe C:\Users\nacho\AppData\Roaming\npm\node_modules\yarn\bin\yarn.js

PATH: 
  C:\Program Files\cmder\bin;C:\Program Files\cmder\vendor\bin;C:\Program Files\cmder\vendor\conemu-maximus5\ConEmu\Scripts;C:\Program Files\cmder\vendor\conemu-maximus5;C:\Program Files\cmder\vendor\conemu-maximus5\ConEmu;C:\WINDOWS\system32;C:\WINDOWS;C:\WINDOWS\System32\Wbem;C:\WINDOWS\System32\WindowsPowerShell\v1.0\;C:\WINDOWS\System32\OpenSSH\;C:\ProgramData\chocolatey\bin;C:\tools\php72;C:\Program Files\Git\cmd;C:\Program Files\nodejs\;C:\Program Files\PuTTY\;C:\Users\nacho\AppData\Local\Microsoft\WindowsApps;C:\Users\nacho\AppData\Local\Programs\Microsoft VS Code\bin;C:\tools\mysql\current\bin;C:\Users\nacho\AppData\Roaming\npm;C:\Program Files\Git\cmd;C:\Program Files\Git\mingw64\bin;C:\Program Files\Git\usr\bin;C:\Program Files\cmder

Yarn version: 
  1.12.3

Node version: 
  10.14.1

Platform: 
  win32 x64

Trace: 
  Error: getaddrinfo ENOTFOUND registry.yarnpkg.com registry.yarnpkg.com:443
      at GetAddrInfoReqWrap.onlookup [as oncomplete] (dns.js:57:26)

npm manifest: 
  {
    "name": "ng6-pokemon-app",
    "version": "1.0.0",
    "description": "An awesome application to handle some pokemons.",
    "scripts": {
      "build": "tsc -p src/",
      "build:watch": "tsc -p src/ -w",
      "serve": "lite-server -c=bs-config.json",
      "prestart": "npm run build",
      "start": "concurrently \"npm run build:watch\" \"npm run serve\"",
      "lint": "tslint ./src/**/*.ts -t verbose"
    },
    "private": true,
    "dependencies": {
      "@angular/animations": "^6.0.3",
      "@angular/cdk": "^7.3.4",
      "@angular/common": "^6.0.3",
      "@angular/compiler": "^6.0.3",
      "@angular/core": "^6.0.3",
      "@angular/forms": "^6.0.3",
      "@angular/http": "^6.0.3",
      "@angular/material": "^7.3.4",
      "@angular/platform-browser": "^6.0.3",
      "@angular/platform-browser-dynamic": "^6.0.3",
      "@angular/router": "^6.0.3",
      "core-js": "^2.5.4",
      "firebase-tools": "^3.18.6",
      "lodash": "^4.17.11",
      "material-design-icons": "^3.0.1",
      "rxjs": "^6.2.0",
      "rxjs-compat": "^6.2.0",
      "systemjs": "0.19.40",
      "zone.js": "^0.8.26"
    },
    "devDependencies": {
      "@types/lodash": "^4.14.121",
      "angular-in-memory-web-api": "^0.6.0",
      "concurrently": "^3.6.0",
      "lite-server": "^2.4.0",
      "tslint": "~5.9.1",
      "typescript": "~2.7.2"
    }
  }

yarn manifest: 
  No manifest

Lockfile: 
  No lockfile
